<?xml version="1.0" encoding="UTF-8" ?>
<testsuites>
  <testsuite errors="0" failures="0" hostname="Pickles-MBP.local" id="0" name="TekEventControllerTests" package="tekdays" tests="1" time="2.961" timestamp="2013-07-19T22:21:17">
      <properties />

      <testcase classname="tekdays.TekEventControllerTests" name="testSomething" time="2.666" />

      <system-out><![CDATA[--Output from testSomething--
]]></system-out>

      <system-err><![CDATA[--Output from testSomething--
]]></system-err>

  </testsuite>
  <testsuite errors="0" failures="0" hostname="Pickles-MBP.local" id="1" name="TekEventTests" package="tekdays" tests="1" time="0.604" timestamp="2013-07-19T22:21:20">
      <properties />

      <testcase classname="tekdays.TekEventTests" name="testToString" time="0.6" />

      <system-out><![CDATA[--Output from testToString--
]]></system-out>

      <system-err><![CDATA[--Output from testToString--
]]></system-err>

  </testsuite>
</testsuites>
